<?xml version="1.0" encoding="UTF-8"?>
<testsuite name="com.bloomtech.welcomeletter.MasteryTask_2_ClassDiagrams" tests="9" skipped="0" failures="0" errors="0" timestamp="2024-07-25T04:01:27" hostname="DESKTOP-1IBGMDS" time="0.2">
  <properties/>
  <testcase name="servicesClassDiagram_containsMethods()" classname="com.bloomtech.welcomeletter.MasteryTask_2_ClassDiagrams" time="0.038"/>
  <testcase name="modelsClassDiagram_companyContainsFields()" classname="com.bloomtech.welcomeletter.MasteryTask_2_ClassDiagrams" time="0.006"/>
  <testcase name="modelsClassDiagram_employeeContainsFields()" classname="com.bloomtech.welcomeletter.MasteryTask_2_ClassDiagrams" time="0.009"/>
  <testcase name="[1] Role" classname="com.bloomtech.welcomeletter.MasteryTask_2_ClassDiagrams" time="0.041"/>
  <testcase name="[1] Employee" classname="com.bloomtech.welcomeletter.MasteryTask_2_ClassDiagrams" time="0.002"/>
  <testcase name="[2] Company" classname="com.bloomtech.welcomeletter.MasteryTask_2_ClassDiagrams" time="0.002"/>
  <testcase name="modelsClassDiagram_containsRelationshipEmployeeToRole()" classname="com.bloomtech.welcomeletter.MasteryTask_2_ClassDiagrams" time="0.01"/>
  <testcase name="modelsClassDiagram_containsRelationshipEmployeeToCompany()" classname="com.bloomtech.welcomeletter.MasteryTask_2_ClassDiagrams" time="0.004"/>
  <testcase name="servicesClassDiagram_containsRelationships()" classname="com.bloomtech.welcomeletter.MasteryTask_2_ClassDiagrams" time="0.012"/>
  <system-out><![CDATA[]]></system-out>
  <system-err><![CDATA[]]></system-err>
</testsuite>
