<?xml version="1.0" encoding="UTF-8"?>
<testsuite name="com.bloomtech.welcomeletter.MasteryTask_4_FileIO" tests="2" skipped="0" failures="0" errors="0" timestamp="2024-08-01T18:36:48" hostname="DESKTOP-1IBGMDS" time="0.086">
  <properties/>
  <testcase name="testFileManager_writeToNewFile()" classname="com.bloomtech.welcomeletter.MasteryTask_4_FileIO" time="0.053"/>
  <testcase name="testFileManager_readExistingFile()" classname="com.bloomtech.welcomeletter.MasteryTask_4_FileIO" time="0.031"/>
  <system-out><![CDATA[]]></system-out>
  <system-err><![CDATA[]]></system-err>
</testsuite>
