<?xml version="1.0" encoding="UTF-8"?>
<testsuite name="com.bloomtech.welcomeletter.MasteryTask_4_FileIO" tests="2" skipped="0" failures="0" errors="0" timestamp="2024-08-01T18:21:32" hostname="DESKTOP-1IBGMDS" time="0.061">
  <properties/>
  <testcase name="testFileManager_writeToNewFile()" classname="com.bloomtech.welcomeletter.MasteryTask_4_FileIO" time="0.036"/>
  <testcase name="testFileManager_readExistingFile()" classname="com.bloomtech.welcomeletter.MasteryTask_4_FileIO" time="0.022"/>
  <system-out><![CDATA[]]></system-out>
  <system-err><![CDATA[]]></system-err>
</testsuite>
